                Step[ FC]     Time          Energy          fmax
*Force-consistent energies used in optimization.
BFGSLineSearch:    0[  0] 01:12:06   -44915.342830*       5.2473
BFGSLineSearch:    1[  2] 02:07:23   -44915.553287*       2.5503
BFGSLineSearch:    2[  4] 03:13:43   -44915.664913*       2.1427
BFGSLineSearch:    3[  5] 03:45:10   -44915.944911*       2.2342
BFGSLineSearch:    4[  7] 04:29:29   -44916.157844*       1.7246
BFGSLineSearch:    5[  9] 05:05:38   -44916.398593*       1.6139
BFGSLineSearch:    6[ 11] 06:04:21   -44916.502132*       0.5808
BFGSLineSearch:    7[ 13] 06:38:29   -44916.524041*       0.3271
BFGSLineSearch:    8[ 15] 07:10:31   -44916.533207*       0.1772
BFGSLineSearch:    9[ 16] 07:26:44   -44916.537966*       0.1059
BFGSLineSearch:   10[ 17] 07:39:11   -44916.540468*       0.0913
BFGSLineSearch:   11[ 18] 07:49:35   -44916.541879*       0.0929
BFGSLineSearch:   12[ 19] 08:04:35   -44916.543038*       0.1277
BFGSLineSearch:   13[ 20] 08:15:34   -44916.545291*       0.1070
BFGSLineSearch:   14[ 21] 08:34:11   -44916.548043*       0.1406
BFGSLineSearch:   15[ 22] 08:52:58   -44916.552297*       0.1579
BFGSLineSearch:   16[ 23] 09:15:09   -44916.559473*       0.1722
BFGSLineSearch:   17[ 24] 09:30:00   -44916.564816*       0.2146
BFGSLineSearch:   18[ 25] 09:41:31   -44916.567851*       0.1434
BFGSLineSearch:   19[ 27] 10:05:17   -44916.570091*       0.0720
BFGSLineSearch:   20[ 28] 10:14:22   -44916.571012*       0.0726
BFGSLineSearch:   21[ 29] 10:31:17   -44916.571932*       0.0344
                Step[ FC]     Time          Energy          fmax
*Force-consistent energies used in optimization.
BFGSLineSearch:    0[  0] 11:20:24   -44916.571935*       0.0341
BFGSLineSearch:    1[  2] 11:38:50   -44916.572154*       0.0260
