                Step[ FC]     Time          Energy          fmax
*Force-consistent energies used in optimization.
BFGSLineSearch:    0[  0] 01:27:48   -45512.247242*      16.1633
BFGSLineSearch:    1[  2] 02:49:40   -45513.216181*       4.1986
BFGSLineSearch:    2[  4] 03:35:00   -45513.395910*       1.9058
BFGSLineSearch:    3[  6] 04:22:52   -45513.469830*       1.3162
BFGSLineSearch:    4[  8] 05:01:27   -45513.506438*       0.7616
BFGSLineSearch:    5[ 10] 05:33:37   -45513.524261*       0.4689
BFGSLineSearch:    6[ 13] 06:42:22   -45513.574522*       0.6506
BFGSLineSearch:    7[ 16] 07:48:48   -45513.647569*       0.8792
BFGSLineSearch:    8[ 18] 08:39:47   -45513.677205*       1.3563
BFGSLineSearch:    9[ 19] 08:58:01   -45513.813217*       0.5583
BFGSLineSearch:   10[ 21] 09:33:16   -45513.848894*       0.3695
BFGSLineSearch:   11[ 23] 10:04:24   -45513.868196*       0.3312
BFGSLineSearch:   12[ 24] 10:30:26   -45513.886314*       0.2886
                Step[ FC]     Time          Energy          fmax
*Force-consistent energies used in optimization.
BFGSLineSearch:    0[  0] 15:50:57   -45513.881665*       0.2925
BFGSLineSearch:    1[  2] 16:51:59   -45513.890619*       0.3344
BFGSLineSearch:    2[  4] 18:07:33   -45513.894440*       0.2607
BFGSLineSearch:    3[  6] 18:59:52   -45513.898478*       0.1650
BFGSLineSearch:    4[  7] 19:19:58   -45513.903152*       0.1333
BFGSLineSearch:    5[  8] 19:44:52   -45513.909195*       0.2223
