                Step[ FC]     Time          Energy          fmax
*Force-consistent energies used in optimization.
BFGSLineSearch:    0[  0] 22:31:22   -44358.173151*       1.6240
BFGSLineSearch:    1[  2] 23:33:45   -44358.660221*       1.4501
BFGSLineSearch:    2[  4] 00:24:54   -44358.882763*       1.2203
BFGSLineSearch:    3[  5] 00:46:27   -44359.115333*       1.1537
BFGSLineSearch:    4[  7] 01:35:42   -44359.196278*       0.3775
BFGSLineSearch:    5[  9] 02:17:13   -44359.212175*       0.1887
BFGSLineSearch:    6[ 10] 02:30:02   -44359.220535*       0.1924
BFGSLineSearch:    7[ 12] 02:49:18   -44359.223487*       0.1078
                Step[ FC]     Time          Energy          fmax
*Force-consistent energies used in optimization.
BFGSLineSearch:    0[  0] 19:24:51   -44359.012572*       0.2823
BFGSLineSearch:    1[  2] 19:58:09   -44359.017673*       0.1377
BFGSLineSearch:    2[  4] 20:35:53   -44359.020047*       0.0946
BFGSLineSearch:    3[  6] 21:14:04   -44359.021254*       0.0573
BFGSLineSearch:    4[  8] 21:46:29   -44359.021699*       0.0478
BFGSLineSearch:    5[  9] 22:05:33   -44359.022308*       0.0803
BFGSLineSearch:    6[ 10] 22:25:05   -44359.023740*       0.0886
BFGSLineSearch:    7[ 13] 23:29:59   -44359.029732*       0.2108
BFGSLineSearch:    8[ 15] 00:21:20   -44359.032051*       0.2275
BFGSLineSearch:    9[ 16] 00:34:15   -44359.039233*       0.1124
BFGSLineSearch:   10[ 18] 01:06:13   -44359.041670*       0.0869
BFGSLineSearch:   11[ 20] 01:23:38   -44359.042855*       0.0512
BFGSLineSearch:   12[ 21] 01:32:01   -44359.043351*       0.0784
BFGSLineSearch:   13[ 22] 01:40:50   -44359.043788*       0.0796
BFGSLineSearch:   14[ 24] 01:58:02   -44359.044227*       0.0357
BFGSLineSearch:   15[ 25] 02:07:20   -44359.044516*       0.0229
