                Step[ FC]     Time          Energy          fmax
*Force-consistent energies used in optimization.
BFGSLineSearch:    0[  0] 12:58:20   -45344.349810*      14.4352
BFGSLineSearch:    1[  2] 18:26:32   -45345.231121*       6.1370
BFGSLineSearch:    2[  4] 19:25:36   -45345.482468*       0.9480
BFGSLineSearch:    3[  6] 20:11:02   -45345.514533*       0.6431
BFGSLineSearch:    4[  8] 20:59:07   -45345.531367*       0.3767
BFGSLineSearch:    5[ 10] 21:43:54   -45345.541299*       0.1460
BFGSLineSearch:    6[ 11] 21:59:44   -45345.545385*       0.1837
BFGSLineSearch:    7[ 13] 22:30:03   -45345.548269*       0.1130
BFGSLineSearch:    8[ 15] 23:01:26   -45345.550055*       0.1108
                Step[ FC]     Time          Energy          fmax
*Force-consistent energies used in optimization.
BFGSLineSearch:    0[  0] 17:12:57   -45345.541048*       0.1101
BFGSLineSearch:    1[  2] 17:59:17   -45345.541564*       0.1497
BFGSLineSearch:    2[  4] 18:57:37   -45345.542121*       0.0772
BFGSLineSearch:    3[  5] 19:35:26   -45345.542760*       0.1094
BFGSLineSearch:    4[  7] 21:17:51   -45345.543508*       0.0573
BFGSLineSearch:    5[  8] 21:50:35   -45345.544040*       0.0848
BFGSLineSearch:    6[  9] 22:29:38   -45345.544642*       0.0377
BFGSLineSearch:    7[ 11] 23:44:46   -45345.544856*       0.0298
