                Step[ FC]     Time          Energy          fmax
*Force-consistent energies used in optimization.
BFGSLineSearch:    0[  0] 02:38:24   -45512.247241*      16.1636
BFGSLineSearch:    1[  2] 03:32:57   -45513.216188*       4.1979
BFGSLineSearch:    2[  4] 04:16:00   -45513.395889*       1.9069
BFGSLineSearch:    3[  6] 05:00:47   -45513.469804*       1.3159
BFGSLineSearch:    4[  8] 05:46:53   -45513.506393*       0.7609
BFGSLineSearch:    5[ 10] 06:14:59   -45513.524256*       0.4685
BFGSLineSearch:    6[ 13] 07:16:58   -45513.574483*       0.6514
BFGSLineSearch:    7[ 16] 08:24:35   -45513.647290*       0.8837
BFGSLineSearch:    8[ 18] 09:09:04   -45513.676919*       1.3605
BFGSLineSearch:    9[ 19] 09:26:30   -45513.812942*       0.5604
BFGSLineSearch:   10[ 21] 09:55:45   -45513.848717*       0.3709
BFGSLineSearch:   11[ 23] 10:24:19   -45513.868122*       0.3314
BFGSLineSearch:   12[ 24] 10:40:07   -45513.886236*       0.2893
BFGSLineSearch:   13[ 26] 11:02:27   -45513.895271*       0.2688
BFGSLineSearch:   14[ 28] 11:25:15   -45513.900776*       0.2444
BFGSLineSearch:   15[ 29] 11:38:28   -45513.905925*       0.2126
BFGSLineSearch:   16[ 30] 11:55:09   -45513.909104*       0.2082
BFGSLineSearch:   17[ 31] 12:41:16   -45513.913157*       0.2474
                Step[ FC]     Time          Energy          fmax
*Force-consistent energies used in optimization.
BFGSLineSearch:    0[  0] 17:32:11   -45513.912730*       0.2648
BFGSLineSearch:    1[  2] 18:00:30   -45513.914636*       0.2412
BFGSLineSearch:    2[  4] 18:26:51   -45513.920575*       0.1843
BFGSLineSearch:    3[  5] 18:42:25   -45513.932214*       0.2437
BFGSLineSearch:    4[  8] 19:55:55   -45513.948623*       0.3188
BFGSLineSearch:    5[ 10] 20:46:44   -45513.959904*       0.3198
BFGSLineSearch:    6[ 12] 21:38:38   -45513.969520*       0.2592
BFGSLineSearch:    7[ 14] 22:27:39   -45513.978446*       0.2169
BFGSLineSearch:    8[ 16] 23:17:14   -45513.986196*       0.2090
BFGSLineSearch:    9[ 18] 23:38:37   -45513.990750*       0.1923
BFGSLineSearch:   10[ 20] 00:09:40   -45513.993631*       0.1137
BFGSLineSearch:   11[ 21] 00:19:13   -45513.995997*       0.0981
BFGSLineSearch:   12[ 22] 00:31:28   -45513.998250*       0.0929
BFGSLineSearch:   13[ 24] 00:51:26   -45513.999462*       0.0494
BFGSLineSearch:   14[ 26] 01:12:39   -45514.000006*       0.0436
BFGSLineSearch:   15[ 27] 01:22:04   -45514.000558*       0.0603
BFGSLineSearch:   16[ 28] 01:49:12   -45514.001262*       0.0513
BFGSLineSearch:   17[ 29] 02:13:43   -45514.002424*       0.0382
BFGSLineSearch:   18[ 30] 02:30:41   -45514.005505*       0.0761
BFGSLineSearch:   19[ 32] 03:29:47   -45514.007989*       0.0995
BFGSLineSearch:   20[ 33] 04:03:59   -45514.011546*       0.1275
BFGSLineSearch:   21[ 34] 04:18:21   -45514.017879*       0.1158
BFGSLineSearch:   22[ 35] 04:28:40   -45514.022087*       0.1637
BFGSLineSearch:   23[ 37] 05:08:08   -45514.024256*       0.0893
BFGSLineSearch:   24[ 38] 05:18:16   -45514.025424*       0.0945
BFGSLineSearch:   25[ 39] 05:27:21   -45514.026521*       0.0680
BFGSLineSearch:   26[ 40] 06:15:44   -45514.027242*       0.0476
BFGSLineSearch:   27[ 41] 06:24:21   -45514.028096*       0.0378
BFGSLineSearch:   28[ 42] 06:36:23   -45514.029191*       0.0785
BFGSLineSearch:   29[ 43] 06:50:27   -45514.030295*       0.0739
BFGSLineSearch:   30[ 44] 07:01:49   -45514.031867*       0.0747
                Step[ FC]     Time          Energy          fmax
*Force-consistent energies used in optimization.
BFGSLineSearch:    0[  0] 14:44:12   -45514.031879*       0.0772
BFGSLineSearch:    1[  2] 15:07:33   -45514.032445*       0.1127
BFGSLineSearch:    2[  4] 15:29:49   -45514.032941*       0.0633
BFGSLineSearch:    3[  5] 15:41:09   -45514.034616*       0.0490
BFGSLineSearch:    4[  7] 16:06:45   -45514.035533*       0.0609
BFGSLineSearch:    5[  9] 16:39:49   -45514.036353*       0.0703
BFGSLineSearch:    6[ 10] 16:55:06   -45514.037455*       0.1059
BFGSLineSearch:    7[ 11] 17:09:10   -45514.038587*       0.0802
BFGSLineSearch:    8[ 12] 17:22:50   -45514.039709*       0.0967
BFGSLineSearch:    9[ 14] 17:54:46   -45514.040824*       0.0677
BFGSLineSearch:   10[ 15] 18:10:25   -45514.042253*       0.0711
BFGSLineSearch:   11[ 16] 18:28:52   -45514.044920*       0.1021
BFGSLineSearch:   12[ 17] 18:53:44   -45514.049300*       0.2667
BFGSLineSearch:   13[ 18] 19:14:37   -45514.054739*       0.4298
BFGSLineSearch:   14[ 19] 19:40:33   -45514.065028*       0.1674
BFGSLineSearch:   15[ 20] 19:59:26   -45514.073609*       0.1910
BFGSLineSearch:   16[ 22] 20:38:42   -45514.080835*       0.2200
BFGSLineSearch:   17[ 24] 21:38:21   -45514.084772*       0.1417
BFGSLineSearch:   18[ 26] 22:11:16   -45514.089816*       0.2111
BFGSLineSearch:   19[ 27] 22:27:32   -45514.094410*       0.1913
BFGSLineSearch:   20[ 28] 22:49:28   -45514.098862*       0.2496
BFGSLineSearch:   21[ 30] 23:17:21   -45514.101405*       0.0764
BFGSLineSearch:   22[ 31] 23:29:53   -45514.103795*       0.0703
BFGSLineSearch:   23[ 32] 23:52:44   -45514.105247*       0.0951
BFGSLineSearch:   24[ 33] 00:30:49   -45514.106361*       0.0778
BFGSLineSearch:   25[ 34] 00:46:29   -45514.106841*       0.1175
BFGSLineSearch:   26[ 35] 01:00:39   -45514.107761*       0.0481
BFGSLineSearch:   27[ 36] 01:13:09   -45514.108359*       0.0391
BFGSLineSearch:   28[ 37] 01:50:36   -45514.108640*       0.0459
BFGSLineSearch:   29[ 38] 02:08:51   -45514.108848*       0.0288
